  Anim.cpp
  AnimController.cpp
  AnimMan.cpp
  AnimNode.cpp
  Bone.cpp
  BoundingSphere.cpp
  BoundingSphereGameObject.cpp
  Camera.cpp
  CameraDemoInput.cpp
  CameraMan.cpp
  CameraModel.cpp
  CameraNode.cpp
  Clip.cpp
  CubeModel.cpp
  Engine.cpp
  Game.cpp
  GameMan.cpp
  GameObject.cpp
  GameObjectMan.cpp
  GameObjectRigid.cpp
  GraphicsDebugMessage.cpp
  GraphicsObject.cpp
  GraphicsObject_ColorByPosition.cpp
  GraphicsObject_ConstColor.cpp
  GraphicsObject_FlatTexture.cpp
  GraphicsObject_Null.cpp
  GraphicsObject_TextureLight.cpp
  GraphicsObject_Wireframe.cpp
  GraphicsObject_WireframeConstantColor.cpp
  InputMan.cpp
  InputTest.cpp
  Keyboard.cpp
  main.cpp
  Mixer.cpp
  Model.cpp
  ModelFileHdr.cpp
  ModelMan.cpp
  Mouse.cpp
  NullModel.cpp
  PyramidModel.cpp
  ShaderMan.cpp
  ShaderObject.cpp
  GameObjectAnim.cpp
  Skeleton.cpp
  SphereModel.cpp
  Texture.cpp
  TextureNode.cpp
  TimerController.cpp
  Engine.vcxproj -> C:\src\gam575\student\zyu13\PA5\FinalEngine(Ignore other 2)\Debug\EngineDebug.exe
