c:\src\gam575\student\zyu13\pa5\finalengine(ignore other 2)\src\debug\bone.obj
c:\src\gam575\student\zyu13\pa5\finalengine(ignore other 2)\src\debug\cubemodel.obj
c:\src\gam575\student\zyu13\pa5\finalengine(ignore other 2)\src\debug\graphicsobject_null.obj
c:\src\gam575\student\zyu13\pa5\finalengine(ignore other 2)\src\debug\pyramidmodel.obj
c:\src\gam575\student\zyu13\pa5\finalengine(ignore other 2)\src\debug\boundingsphere.obj
c:\src\gam575\student\zyu13\pa5\finalengine(ignore other 2)\src\debug\game.obj
c:\src\gam575\student\zyu13\pa5\finalengine(ignore other 2)\src\debug\modelfilehdr.obj
c:\src\gam575\student\zyu13\pa5\finalengine(ignore other 2)\src\debug\shaderobject.obj
c:\src\gam575\student\zyu13\pa5\finalengine(ignore other 2)\src\debug\boundingspheregameobject.obj
c:\src\gam575\student\zyu13\pa5\finalengine(ignore other 2)\src\debug\graphicsdebugmessage.obj
c:\src\gam575\student\zyu13\pa5\finalengine(ignore other 2)\src\debug\inputtest.obj
c:\src\gam575\student\zyu13\pa5\finalengine(ignore other 2)\src\debug\mouse.obj
c:\src\gam575\student\zyu13\pa5\finalengine(ignore other 2)\src\debug\camerademoinput.obj
c:\src\gam575\student\zyu13\pa5\finalengine(ignore other 2)\src\debug\engine.obj
c:\src\gam575\student\zyu13\pa5\finalengine(ignore other 2)\src\debug\keyboard.obj
c:\src\gam575\student\zyu13\pa5\finalengine(ignore other 2)\src\debug\texturenode.obj
c:\src\gam575\student\zyu13\pa5\finalengine(ignore other 2)\src\debug\animcontroller.obj
c:\src\gam575\student\zyu13\pa5\finalengine(ignore other 2)\src\debug\gameobjectrigid.obj
c:\src\gam575\student\zyu13\pa5\finalengine(ignore other 2)\src\debug\model.obj
c:\src\gam575\student\zyu13\pa5\finalengine(ignore other 2)\src\debug\timercontroller.obj
c:\src\gam575\student\zyu13\pa5\finalengine(ignore other 2)\src\debug\cameraman.obj
c:\src\gam575\student\zyu13\pa5\finalengine(ignore other 2)\src\debug\gameman.obj
c:\src\gam575\student\zyu13\pa5\finalengine(ignore other 2)\src\debug\main.obj
c:\src\gam575\student\zyu13\pa5\finalengine(ignore other 2)\src\debug\spheremodel.obj
c:\src\gam575\student\zyu13\pa5\finalengine(ignore other 2)\src\debug\cameranode.obj
c:\src\gam575\student\zyu13\pa5\finalengine(ignore other 2)\src\debug\clip.obj
c:\src\gam575\student\zyu13\pa5\finalengine(ignore other 2)\src\debug\graphicsobject_flattexture.obj
c:\src\gam575\student\zyu13\pa5\finalengine(ignore other 2)\src\debug\modelman.obj
c:\src\gam575\student\zyu13\pa5\finalengine(ignore other 2)\src\debug\camera.obj
c:\src\gam575\student\zyu13\pa5\finalengine(ignore other 2)\src\debug\gameobjectman.obj
c:\src\gam575\student\zyu13\pa5\finalengine(ignore other 2)\src\debug\graphicsobject_wireframeconstantcolor.obj
c:\src\gam575\student\zyu13\pa5\finalengine(ignore other 2)\src\debug\skeleton.obj
c:\src\gam575\student\zyu13\pa5\finalengine(ignore other 2)\src\debug\cameramodel.obj
c:\src\gam575\student\zyu13\pa5\finalengine(ignore other 2)\src\debug\graphicsobject_constcolor.obj
c:\src\gam575\student\zyu13\pa5\finalengine(ignore other 2)\src\debug\mixer.obj
c:\src\gam575\student\zyu13\pa5\finalengine(ignore other 2)\src\debug\nullmodel.obj
c:\src\gam575\student\zyu13\pa5\finalengine(ignore other 2)\src\debug\animman.obj
c:\src\gam575\student\zyu13\pa5\finalengine(ignore other 2)\src\debug\gameobject.obj
c:\src\gam575\student\zyu13\pa5\finalengine(ignore other 2)\src\debug\graphicsobject_wireframe.obj
c:\src\gam575\student\zyu13\pa5\finalengine(ignore other 2)\src\debug\gameobjectanim.obj
c:\src\gam575\student\zyu13\pa5\finalengine(ignore other 2)\src\debug\animnode.obj
c:\src\gam575\student\zyu13\pa5\finalengine(ignore other 2)\src\debug\graphicsobject_colorbyposition.obj
c:\src\gam575\student\zyu13\pa5\finalengine(ignore other 2)\src\debug\graphicsobject_texturelight.obj
c:\src\gam575\student\zyu13\pa5\finalengine(ignore other 2)\src\debug\texture.obj
c:\src\gam575\student\zyu13\pa5\finalengine(ignore other 2)\src\debug\anim.obj
c:\src\gam575\student\zyu13\pa5\finalengine(ignore other 2)\src\debug\graphicsobject.obj
c:\src\gam575\student\zyu13\pa5\finalengine(ignore other 2)\src\debug\inputman.obj
c:\src\gam575\student\zyu13\pa5\finalengine(ignore other 2)\src\debug\shaderman.obj
c:\src\gam575\student\zyu13\pa5\finalengine(ignore other 2)\debug\enginedebug.pdb
c:\src\gam575\student\zyu13\pa5\finalengine(ignore other 2)\debug\enginedebug.exe
c:\src\gam575\student\zyu13\pa5\finalengine(ignore other 2)\src\debug\engine.tlog\cl.100512.write.1.tlog
c:\src\gam575\student\zyu13\pa5\finalengine(ignore other 2)\src\debug\engine.tlog\cl.command.1.tlog
c:\src\gam575\student\zyu13\pa5\finalengine(ignore other 2)\src\debug\engine.tlog\cl.read.1.tlog
c:\src\gam575\student\zyu13\pa5\finalengine(ignore other 2)\src\debug\engine.tlog\link.command.1.tlog
c:\src\gam575\student\zyu13\pa5\finalengine(ignore other 2)\src\debug\engine.tlog\link.read.1.tlog
c:\src\gam575\student\zyu13\pa5\finalengine(ignore other 2)\src\debug\engine.tlog\link.write.1.tlog
